c:\users\wojtek\source\repos\deadbydaylight\km\x64\release\vc143.pdb
c:\users\wojtek\source\repos\deadbydaylight\km\x64\release\driver.obj
c:\users\wojtek\source\repos\deadbydaylight\x64\release\km.sys
c:\users\wojtek\source\repos\deadbydaylight\x64\release\km.pdb
c:\users\wojtek\source\repos\deadbydaylight\km\x64\release\km.inf
c:\users\wojtek\source\repos\deadbydaylight\x64\release\km.cer
c:\users\wojtek\source\repos\deadbydaylight\x64\release\km.inf
c:\users\wojtek\source\repos\deadbydaylight\km\x64\release\km.tlog\cl.command.1.tlog
c:\users\wojtek\source\repos\deadbydaylight\km\x64\release\km.tlog\cl.items.tlog
c:\users\wojtek\source\repos\deadbydaylight\km\x64\release\km.tlog\cl.read.1.tlog
c:\users\wojtek\source\repos\deadbydaylight\km\x64\release\km.tlog\cl.write.1.tlog
c:\users\wojtek\source\repos\deadbydaylight\km\x64\release\km.tlog\link.command.1.tlog
c:\users\wojtek\source\repos\deadbydaylight\km\x64\release\km.tlog\link.read.1.tlog
c:\users\wojtek\source\repos\deadbydaylight\km\x64\release\km.tlog\link.secondary.1.tlog
c:\users\wojtek\source\repos\deadbydaylight\km\x64\release\km.tlog\link.write.1.tlog
c:\users\wojtek\source\repos\deadbydaylight\km\x64\release\km.tlog\signtool.command.1.tlog
c:\users\wojtek\source\repos\deadbydaylight\km\x64\release\km.tlog\signtool.read.1.tlog
c:\users\wojtek\source\repos\deadbydaylight\km\x64\release\km.tlog\signtool.timestamp.1.tlog
c:\users\wojtek\source\repos\deadbydaylight\km\x64\release\km.tlog\signtool.write.1.tlog
c:\users\wojtek\source\repos\deadbydaylight\km\x64\release\km.tlog\stampinf.command.1.tlog
c:\users\wojtek\source\repos\deadbydaylight\km\x64\release\km.tlog\stampinf.read.1.tlog
c:\users\wojtek\source\repos\deadbydaylight\km\x64\release\km.tlog\stampinf.write.1.tlog
